<?xml version="1.0" encoding="UTF-8"?>
<!-- Generated by org.testng.reporters.JUnitReportReporter -->
<testsuite skipped="0" hostname="sys" name="com.MerchantES.test.FilterUserTest" tests="1" failures="0" timestamp="2020-02-09T21:00:09 EST" time="22.011" errors="0">
  <testcase name="checkUserExistsTest" time="22.011" classname="com.MerchantES.test.FilterUserTest"/>
</testsuite> <!-- com.MerchantES.test.FilterUserTest -->
