<?xml version="1.0" encoding="UTF-8"?>
<!-- Generated by org.testng.reporters.JUnitReportReporter -->
<testsuite skipped="0" hostname="sys" name="com.MerchantES.test.CreateUserTest" tests="1" failures="0" timestamp="2020-02-09T21:52:39 EST" time="7.580" errors="0">
  <testcase name="invalidUserTest" time="7.580" classname="com.MerchantES.test.CreateUserTest"/>
</testsuite> <!-- com.MerchantES.test.CreateUserTest -->
